This file contains any messages produced by compilers while
running configure, to aid debugging if configure makes a mistake.

It was created by iTETRIS ITS Cooperative Demo Application configure 0.1.0, which was
generated by GNU Autoconf 2.69.  Invocation command line was

  $ ./configure --enable-debug --no-create --no-recursion

## --------- ##
## Platform. ##
## --------- ##

hostname = tasamy.tux.ic
uname -m = x86_64
uname -r = 3.17.0-rc7
uname -s = Linux
uname -v = #1 SMP Sat Oct 4 22:58:26 CEST 2014

/usr/bin/uname -p = Intel(R) Core(TM) i5-2450M CPU @ 2.50GHz
/bin/uname -X     = unknown

/bin/arch              = unknown
/usr/bin/arch -k       = unknown
/usr/convex/getsysinfo = unknown
/usr/bin/hostinfo      = unknown
/bin/machine           = unknown
/usr/bin/oslevel       = unknown
/bin/universe          = unknown

PATH: /home/kentux/google-cloud-sdk/bin
PATH: /usr/local/bin
PATH: /usr/bin
PATH: /bin
PATH: /opt/bin
PATH: /usr/x86_64-pc-linux-gnu/gcc-bin/4.8.2
PATH: /usr/games/bin
PATH: /home/kentux/git/ns-allinone-2.35/bin
PATH: /home/kentux/git/ns-allinone-2.35/git/tcl8.5.10/unix
PATH: /home/kentux/git/ns-allinone-2.35/tk8.5.10/unix
PATH: /home/kentux/git/ns-allinone-2.35/ns-2.35/


## ----------- ##
## Core tests. ##
## ----------- ##

configure:2469: checking build system type
configure:2483: result: x86_64-unknown-linux-gnu
configure:2503: checking host system type
configure:2516: result: x86_64-unknown-linux-gnu
configure:2536: checking target system type
configure:2549: result: x86_64-unknown-linux-gnu
configure:2596: checking for a BSD-compatible install
configure:2664: result: /usr/bin/install -c
configure:2675: checking whether build environment is sane
configure:2730: result: yes
configure:2881: checking for a thread-safe mkdir -p
configure:2920: result: /bin/mkdir -p
configure:2927: checking for gawk
configure:2943: found /usr/bin/gawk
configure:2954: result: gawk
configure:2965: checking whether make sets $(MAKE)
configure:2987: result: yes
configure:3016: checking whether make supports nested variables
configure:3033: result: yes
configure:3188: checking for style of include used by make
configure:3216: result: GNU
configure:3287: checking for gcc
configure:3303: found /usr/bin/gcc
configure:3314: result: gcc
configure:3543: checking for C compiler version
configure:3552: gcc --version >&5
gcc (Gentoo 4.8.2 p1.3r1, pie-0.5.8r1) 4.8.2
Copyright (C) 2013 Free Software Foundation, Inc.
This is free software; see the source for copying conditions.  There is NO
warranty; not even for MERCHANTABILITY or FITNESS FOR A PARTICULAR PURPOSE.

configure:3563: $? = 0
configure:3552: gcc -v >&5
Using built-in specs.
COLLECT_GCC=/usr/x86_64-pc-linux-gnu/gcc-bin/4.8.2/gcc
COLLECT_LTO_WRAPPER=/usr/libexec/gcc/x86_64-pc-linux-gnu/4.8.2/lto-wrapper
Target: x86_64-pc-linux-gnu
Configured with: /var/tmp/portage/sys-devel/gcc-4.8.2/work/gcc-4.8.2/configure --host=x86_64-pc-linux-gnu --build=x86_64-pc-linux-gnu --prefix=/usr --bindir=/usr/x86_64-pc-linux-gnu/gcc-bin/4.8.2 --includedir=/usr/lib/gcc/x86_64-pc-linux-gnu/4.8.2/include --datadir=/usr/share/gcc-data/x86_64-pc-linux-gnu/4.8.2 --mandir=/usr/share/gcc-data/x86_64-pc-linux-gnu/4.8.2/man --infodir=/usr/share/gcc-data/x86_64-pc-linux-gnu/4.8.2/info --with-gxx-include-dir=/usr/lib/gcc/x86_64-pc-linux-gnu/4.8.2/include/g++-v4 --with-python-dir=/share/gcc-data/x86_64-pc-linux-gnu/4.8.2/python --enable-languages=c,c++,fortran --enable-obsolete --enable-secureplt --disable-werror --with-system-zlib --enable-nls --without-included-gettext --enable-checking=release --with-bugurl=https://bugs.gentoo.org/ --with-pkgversion='Gentoo 4.8.2 p1.3r1, pie-0.5.8r1' --enable-libstdcxx-time --enable-shared --enable-threads=posix --enable-__cxa_atexit --enable-clocale=gnu --enable-multilib --with-multilib-list=m32,m64 --disable-altivec --disable-fixed-point --enable-targets=all --disable-libgcj --enable-libgomp --disable-libmudflap --disable-libssp --enable-lto --without-cloog
Thread model: posix
gcc version 4.8.2 (Gentoo 4.8.2 p1.3r1, pie-0.5.8r1) 
configure:3563: $? = 0
configure:3552: gcc -V >&5
gcc: error: unrecognized command line option '-V'
gcc: fatal error: no input files
compilation terminated.
configure:3563: $? = 1
configure:3552: gcc -qversion >&5
gcc: error: unrecognized command line option '-qversion'
gcc: fatal error: no input files
compilation terminated.
configure:3563: $? = 1
configure:3583: checking whether the C compiler works
configure:3605: gcc    conftest.c  >&5
configure:3609: $? = 0
configure:3657: result: yes
configure:3660: checking for C compiler default output file name
configure:3662: result: a.out
configure:3668: checking for suffix of executables
configure:3675: gcc -o conftest    conftest.c  >&5
configure:3679: $? = 0
configure:3701: result: 
configure:3723: checking whether we are cross compiling
configure:3731: gcc -o conftest    conftest.c  >&5
configure:3735: $? = 0
configure:3742: ./conftest
configure:3746: $? = 0
configure:3761: result: no
configure:3766: checking for suffix of object files
configure:3788: gcc -c   conftest.c >&5
configure:3792: $? = 0
configure:3813: result: o
configure:3817: checking whether we are using the GNU C compiler
configure:3836: gcc -c   conftest.c >&5
configure:3836: $? = 0
configure:3845: result: yes
configure:3854: checking whether gcc accepts -g
configure:3874: gcc -c -g  conftest.c >&5
configure:3874: $? = 0
configure:3915: result: yes
configure:3932: checking for gcc option to accept ISO C89
configure:3995: gcc  -c -g -O2  conftest.c >&5
configure:3995: $? = 0
configure:4008: result: none needed
configure:4033: checking whether gcc understands -c and -o together
configure:4055: gcc -c conftest.c -o conftest2.o
configure:4058: $? = 0
configure:4055: gcc -c conftest.c -o conftest2.o
configure:4058: $? = 0
configure:4070: result: yes
configure:4089: checking dependency style of gcc
configure:4200: result: gcc3
configure:4220: checking how to run the C preprocessor
configure:4251: gcc -E  conftest.c
configure:4251: $? = 0
configure:4265: gcc -E  conftest.c
conftest.c:12:28: fatal error: ac_nonexistent.h: No such file or directory
 #include <ac_nonexistent.h>
                            ^
compilation terminated.
configure:4265: $? = 1
configure: failed program was:
| /* confdefs.h */
| #define PACKAGE_NAME "iTETRIS ITS Cooperative Demo Application"
| #define PACKAGE_TARNAME "itetris-its-cooperative-demo-application"
| #define PACKAGE_VERSION "0.1.0"
| #define PACKAGE_STRING "iTETRIS ITS Cooperative Demo Application 0.1.0"
| #define PACKAGE_BUGREPORT ""
| #define PACKAGE_URL ""
| #define PACKAGE "itetris-its-cooperative-demo-application"
| #define VERSION "0.1.0"
| #define _DEBUG 1
| /* end confdefs.h.  */
| #include <ac_nonexistent.h>
configure:4290: result: gcc -E
configure:4310: gcc -E  conftest.c
configure:4310: $? = 0
configure:4324: gcc -E  conftest.c
conftest.c:12:28: fatal error: ac_nonexistent.h: No such file or directory
 #include <ac_nonexistent.h>
                            ^
compilation terminated.
configure:4324: $? = 1
configure: failed program was:
| /* confdefs.h */
| #define PACKAGE_NAME "iTETRIS ITS Cooperative Demo Application"
| #define PACKAGE_TARNAME "itetris-its-cooperative-demo-application"
| #define PACKAGE_VERSION "0.1.0"
| #define PACKAGE_STRING "iTETRIS ITS Cooperative Demo Application 0.1.0"
| #define PACKAGE_BUGREPORT ""
| #define PACKAGE_URL ""
| #define PACKAGE "itetris-its-cooperative-demo-application"
| #define VERSION "0.1.0"
| #define _DEBUG 1
| /* end confdefs.h.  */
| #include <ac_nonexistent.h>
configure:4410: checking for g++
configure:4426: found /usr/bin/g++
configure:4437: result: g++
configure:4464: checking for C++ compiler version
configure:4473: g++ --version >&5
g++ (Gentoo 4.8.2 p1.3r1, pie-0.5.8r1) 4.8.2
Copyright (C) 2013 Free Software Foundation, Inc.
This is free software; see the source for copying conditions.  There is NO
warranty; not even for MERCHANTABILITY or FITNESS FOR A PARTICULAR PURPOSE.

configure:4484: $? = 0
configure:4473: g++ -v >&5
Using built-in specs.
COLLECT_GCC=/usr/x86_64-pc-linux-gnu/gcc-bin/4.8.2/g++
COLLECT_LTO_WRAPPER=/usr/libexec/gcc/x86_64-pc-linux-gnu/4.8.2/lto-wrapper
Target: x86_64-pc-linux-gnu
Configured with: /var/tmp/portage/sys-devel/gcc-4.8.2/work/gcc-4.8.2/configure --host=x86_64-pc-linux-gnu --build=x86_64-pc-linux-gnu --prefix=/usr --bindir=/usr/x86_64-pc-linux-gnu/gcc-bin/4.8.2 --includedir=/usr/lib/gcc/x86_64-pc-linux-gnu/4.8.2/include --datadir=/usr/share/gcc-data/x86_64-pc-linux-gnu/4.8.2 --mandir=/usr/share/gcc-data/x86_64-pc-linux-gnu/4.8.2/man --infodir=/usr/share/gcc-data/x86_64-pc-linux-gnu/4.8.2/info --with-gxx-include-dir=/usr/lib/gcc/x86_64-pc-linux-gnu/4.8.2/include/g++-v4 --with-python-dir=/share/gcc-data/x86_64-pc-linux-gnu/4.8.2/python --enable-languages=c,c++,fortran --enable-obsolete --enable-secureplt --disable-werror --with-system-zlib --enable-nls --without-included-gettext --enable-checking=release --with-bugurl=https://bugs.gentoo.org/ --with-pkgversion='Gentoo 4.8.2 p1.3r1, pie-0.5.8r1' --enable-libstdcxx-time --enable-shared --enable-threads=posix --enable-__cxa_atexit --enable-clocale=gnu --enable-multilib --with-multilib-list=m32,m64 --disable-altivec --disable-fixed-point --enable-targets=all --disable-libgcj --enable-libgomp --disable-libmudflap --disable-libssp --enable-lto --without-cloog
Thread model: posix
gcc version 4.8.2 (Gentoo 4.8.2 p1.3r1, pie-0.5.8r1) 
configure:4484: $? = 0
configure:4473: g++ -V >&5
g++: error: unrecognized command line option '-V'
g++: fatal error: no input files
compilation terminated.
configure:4484: $? = 1
configure:4473: g++ -qversion >&5
g++: error: unrecognized command line option '-qversion'
g++: fatal error: no input files
compilation terminated.
configure:4484: $? = 1
configure:4488: checking whether we are using the GNU C++ compiler
configure:4507: g++ -c -g -include/usr/include/unistd.h  conftest.cpp >&5
configure:4507: $? = 0
configure:4516: result: yes
configure:4525: checking whether g++ accepts -g
configure:4545: g++ -c -g  conftest.cpp >&5
configure:4545: $? = 0
configure:4586: result: yes
configure:4611: checking dependency style of g++
configure:4722: result: gcc3
configure:4738: checking whether ln -s works
configure:4742: result: yes
configure:4749: checking whether make sets $(MAKE)
configure:4771: result: yes
configure:4825: checking for ranlib
configure:4841: found /usr/bin/ranlib
configure:4852: result: ranlib
configure:4920: checking how to print strings
configure:4947: result: printf
configure:4968: checking for a sed that does not truncate output
configure:5032: result: /bin/sed
configure:5050: checking for grep that handles long lines and -e
configure:5108: result: /bin/grep
configure:5113: checking for egrep
configure:5175: result: /bin/grep -E
configure:5180: checking for fgrep
configure:5242: result: /bin/grep -F
configure:5277: checking for ld used by gcc
configure:5344: result: /usr/x86_64-pc-linux-gnu/bin/ld
configure:5351: checking if the linker (/usr/x86_64-pc-linux-gnu/bin/ld) is GNU ld
configure:5366: result: yes
configure:5378: checking for BSD- or MS-compatible name lister (nm)
configure:5427: result: /usr/bin/nm -B
configure:5557: checking the name lister (/usr/bin/nm -B) interface
configure:5564: gcc -c -g -O2  conftest.c >&5
configure:5567: /usr/bin/nm -B "conftest.o"
configure:5570: output
0000000000000000 B some_variable
configure:5577: result: BSD nm
configure:5581: checking the maximum length of command line arguments
configure:5712: result: 1572864
configure:5729: checking whether the shell understands some XSI constructs
configure:5739: result: yes
configure:5743: checking whether the shell understands "+="
configure:5749: result: yes
configure:5784: checking how to convert x86_64-unknown-linux-gnu file names to x86_64-unknown-linux-gnu format
configure:5824: result: func_convert_file_noop
configure:5831: checking how to convert x86_64-unknown-linux-gnu file names to toolchain format
configure:5851: result: func_convert_file_noop
configure:5858: checking for /usr/x86_64-pc-linux-gnu/bin/ld option to reload object files
configure:5865: result: -r
configure:5939: checking for objdump
configure:5955: found /usr/bin/objdump
configure:5966: result: objdump
configure:5998: checking how to recognize dependent libraries
configure:6196: result: pass_all
configure:6281: checking for dlltool
configure:6311: result: no
configure:6341: checking how to associate runtime and link libraries
configure:6368: result: printf %s\n
configure:6429: checking for ar
configure:6445: found /usr/bin/ar
configure:6456: result: ar
configure:6493: checking for archiver @FILE support
configure:6510: gcc -c -g -O2  conftest.c >&5
configure:6510: $? = 0
configure:6513: ar cru libconftest.a @conftest.lst >&5
configure:6516: $? = 0
configure:6521: ar cru libconftest.a @conftest.lst >&5
ar: conftest.o: No such file or directory
configure:6524: $? = 1
configure:6536: result: @
configure:6594: checking for strip
configure:6610: found /usr/bin/strip
configure:6621: result: strip
configure:6693: checking for ranlib
configure:6720: result: ranlib
configure:6822: checking command to parse /usr/bin/nm -B output from gcc object
configure:6942: gcc -c -g -O2  conftest.c >&5
configure:6945: $? = 0
configure:6949: /usr/bin/nm -B conftest.o \| sed -n -e 's/^.*[ ]\([ABCDGIRSTW][ABCDGIRSTW]*\)[ ][ ]*\([_A-Za-z][_A-Za-z0-9]*\)$/\1 \2 \2/p' | sed '/ __gnu_lto/d' \> conftest.nm
configure:6952: $? = 0
configure:7018: gcc -o conftest -g -O2   conftest.c conftstm.o >&5
configure:7021: $? = 0
configure:7059: result: ok
configure:7096: checking for sysroot
configure:7126: result: no
configure:7203: gcc -c -g -O2  conftest.c >&5
configure:7206: $? = 0
configure:7395: checking for mt
configure:7425: result: no
configure:7445: checking if : is a manifest tool
configure:7451: : '-?'
configure:7459: result: no
configure:8097: checking for ANSI C header files
configure:8117: gcc -c -g -O2  conftest.c >&5
configure:8117: $? = 0
configure:8190: gcc -o conftest -g -O2   conftest.c  >&5
configure:8190: $? = 0
configure:8190: ./conftest
configure:8190: $? = 0
configure:8201: result: yes
configure:8214: checking for sys/types.h
configure:8214: gcc -c -g -O2  conftest.c >&5
configure:8214: $? = 0
configure:8214: result: yes
configure:8214: checking for sys/stat.h
configure:8214: gcc -c -g -O2  conftest.c >&5
configure:8214: $? = 0
configure:8214: result: yes
configure:8214: checking for stdlib.h
configure:8214: gcc -c -g -O2  conftest.c >&5
configure:8214: $? = 0
configure:8214: result: yes
configure:8214: checking for string.h
configure:8214: gcc -c -g -O2  conftest.c >&5
configure:8214: $? = 0
configure:8214: result: yes
configure:8214: checking for memory.h
configure:8214: gcc -c -g -O2  conftest.c >&5
configure:8214: $? = 0
configure:8214: result: yes
configure:8214: checking for strings.h
configure:8214: gcc -c -g -O2  conftest.c >&5
configure:8214: $? = 0
configure:8214: result: yes
configure:8214: checking for inttypes.h
configure:8214: gcc -c -g -O2  conftest.c >&5
configure:8214: $? = 0
configure:8214: result: yes
configure:8214: checking for stdint.h
configure:8214: gcc -c -g -O2  conftest.c >&5
configure:8214: $? = 0
configure:8214: result: yes
configure:8214: checking for unistd.h
configure:8214: gcc -c -g -O2  conftest.c >&5
configure:8214: $? = 0
configure:8214: result: yes
configure:8228: checking for dlfcn.h
configure:8228: gcc -c -g -O2  conftest.c >&5
configure:8228: $? = 0
configure:8228: result: yes
configure:8445: checking for objdir
configure:8460: result: .libs
configure:8727: checking if gcc supports -fno-rtti -fno-exceptions
configure:8745: gcc -c -g -O2  -fno-rtti -fno-exceptions conftest.c >&5
cc1: warning: command line option '-fno-rtti' is valid for C++/ObjC++ but not for C [enabled by default]
configure:8749: $? = 0
configure:8762: result: no
configure:9089: checking for gcc option to produce PIC
configure:9096: result: -fPIC -DPIC
configure:9104: checking if gcc PIC flag -fPIC -DPIC works
configure:9122: gcc -c -g -O2  -fPIC -DPIC -DPIC conftest.c >&5
configure:9126: $? = 0
configure:9139: result: yes
configure:9168: checking if gcc static flag -static works
configure:9196: result: yes
configure:9211: checking if gcc supports -c -o file.o
configure:9232: gcc -c -g -O2  -o out/conftest2.o conftest.c >&5
configure:9236: $? = 0
configure:9258: result: yes
configure:9266: checking if gcc supports -c -o file.o
configure:9313: result: yes
configure:9346: checking whether the gcc linker (/usr/x86_64-pc-linux-gnu/bin/ld -m elf_x86_64) supports shared libraries
configure:10503: result: yes
configure:10540: checking whether -lc should be explicitly linked in
configure:10548: gcc -c -g -O2  conftest.c >&5
configure:10551: $? = 0
configure:10566: gcc -shared  -fPIC -DPIC conftest.o  -v -Wl,-soname -Wl,conftest -o conftest 2\>\&1 \| /bin/grep  -lc  \>/dev/null 2\>\&1
configure:10569: $? = 0
configure:10583: result: no
configure:10743: checking dynamic linker characteristics
configure:11243: gcc -o conftest -g -O2   -Wl,-rpath -Wl,/foo conftest.c  >&5
configure:11243: $? = 0
configure:11477: result: GNU/Linux ld.so
configure:11584: checking how to hardcode library paths into programs
configure:11609: result: immediate
configure:12149: checking whether stripping libraries is possible
configure:12154: result: yes
configure:12189: checking if libtool supports shared libraries
configure:12191: result: yes
configure:12194: checking whether to build shared libraries
configure:12215: result: yes
configure:12218: checking whether to build static libraries
configure:12222: result: yes
configure:12245: checking how to run the C++ preprocessor
configure:12272: g++ -E  conftest.cpp
configure:12272: $? = 0
configure:12286: g++ -E  conftest.cpp
conftest.cpp:24:28: fatal error: ac_nonexistent.h: No such file or directory
 #include <ac_nonexistent.h>
                            ^
compilation terminated.
configure:12286: $? = 1
configure: failed program was:
| /* confdefs.h */
| #define PACKAGE_NAME "iTETRIS ITS Cooperative Demo Application"
| #define PACKAGE_TARNAME "itetris-its-cooperative-demo-application"
| #define PACKAGE_VERSION "0.1.0"
| #define PACKAGE_STRING "iTETRIS ITS Cooperative Demo Application 0.1.0"
| #define PACKAGE_BUGREPORT ""
| #define PACKAGE_URL ""
| #define PACKAGE "itetris-its-cooperative-demo-application"
| #define VERSION "0.1.0"
| #define _DEBUG 1
| #define STDC_HEADERS 1
| #define HAVE_SYS_TYPES_H 1
| #define HAVE_SYS_STAT_H 1
| #define HAVE_STDLIB_H 1
| #define HAVE_STRING_H 1
| #define HAVE_MEMORY_H 1
| #define HAVE_STRINGS_H 1
| #define HAVE_INTTYPES_H 1
| #define HAVE_STDINT_H 1
| #define HAVE_UNISTD_H 1
| #define HAVE_DLFCN_H 1
| #define LT_OBJDIR ".libs/"
| /* end confdefs.h.  */
| #include <ac_nonexistent.h>
configure:12311: result: g++ -E
configure:12331: g++ -E  conftest.cpp
configure:12331: $? = 0
configure:12345: g++ -E  conftest.cpp
conftest.cpp:24:28: fatal error: ac_nonexistent.h: No such file or directory
 #include <ac_nonexistent.h>
                            ^
compilation terminated.
configure:12345: $? = 1
configure: failed program was:
| /* confdefs.h */
| #define PACKAGE_NAME "iTETRIS ITS Cooperative Demo Application"
| #define PACKAGE_TARNAME "itetris-its-cooperative-demo-application"
| #define PACKAGE_VERSION "0.1.0"
| #define PACKAGE_STRING "iTETRIS ITS Cooperative Demo Application 0.1.0"
| #define PACKAGE_BUGREPORT ""
| #define PACKAGE_URL ""
| #define PACKAGE "itetris-its-cooperative-demo-application"
| #define VERSION "0.1.0"
| #define _DEBUG 1
| #define STDC_HEADERS 1
| #define HAVE_SYS_TYPES_H 1
| #define HAVE_SYS_STAT_H 1
| #define HAVE_STDLIB_H 1
| #define HAVE_STRING_H 1
| #define HAVE_MEMORY_H 1
| #define HAVE_STRINGS_H 1
| #define HAVE_INTTYPES_H 1
| #define HAVE_STDINT_H 1
| #define HAVE_UNISTD_H 1
| #define HAVE_DLFCN_H 1
| #define LT_OBJDIR ".libs/"
| /* end confdefs.h.  */
| #include <ac_nonexistent.h>
configure:12514: checking for ld used by g++
configure:12581: result: /usr/x86_64-pc-linux-gnu/bin/ld -m elf_x86_64
configure:12588: checking if the linker (/usr/x86_64-pc-linux-gnu/bin/ld -m elf_x86_64) is GNU ld
configure:12603: result: yes
configure:12658: checking whether the g++ linker (/usr/x86_64-pc-linux-gnu/bin/ld -m elf_x86_64) supports shared libraries
configure:13660: result: yes
configure:13696: g++ -c -g -include/usr/include/unistd.h  conftest.cpp >&5
configure:13699: $? = 0
configure:14219: checking for g++ option to produce PIC
configure:14226: result: -fPIC -DPIC
configure:14234: checking if g++ PIC flag -fPIC -DPIC works
configure:14252: g++ -c -g -include/usr/include/unistd.h  -fPIC -DPIC -DPIC conftest.cpp >&5
configure:14256: $? = 0
configure:14269: result: yes
configure:14292: checking if g++ static flag -static works
configure:14320: result: yes
configure:14332: checking if g++ supports -c -o file.o
configure:14353: g++ -c -g -include/usr/include/unistd.h  -o out/conftest2.o conftest.cpp >&5
configure:14357: $? = 0
configure:14379: result: yes
configure:14384: checking if g++ supports -c -o file.o
configure:14431: result: yes
configure:14461: checking whether the g++ linker (/usr/x86_64-pc-linux-gnu/bin/ld -m elf_x86_64) supports shared libraries
configure:14500: result: yes
configure:14641: checking dynamic linker characteristics
configure:15309: result: GNU/Linux ld.so
configure:15362: checking how to hardcode library paths into programs
configure:15387: result: immediate
configure:15548: checking for pkg-config
configure:15566: found /usr/bin/pkg-config
configure:15578: result: /usr/bin/pkg-config
configure:15603: checking pkg-config is at least version 0.9.0
configure:15606: result: yes
configure:15616: checking for XERCES
configure:15623: $PKG_CONFIG --exists --print-errors "xerces-c >= 3.0"
configure:15626: $? = 0
configure:15640: $PKG_CONFIG --exists --print-errors "xerces-c >= 3.0"
configure:15643: $? = 0
configure:15685: result: yes
configure:15718: checking for main in -lxerces-c
configure:15737: gcc -o conftest -g -O2   conftest.c -lxerces-c   >&5
configure:15737: $? = 0
configure:15747: result: yes
configure:15812: checking xercesc/util/XercesVersion.hpp usability
configure:15812: gcc -c -g -O2  -I/usr/local/include -I/usr/include conftest.c >&5
configure:15812: $? = 0
configure:15812: result: yes
configure:15812: checking xercesc/util/XercesVersion.hpp presence
configure:15812: gcc -E  -I/usr/local/include -I/usr/include conftest.c
configure:15812: $? = 0
configure:15812: result: yes
configure:15812: checking for xercesc/util/XercesVersion.hpp
configure:15812: result: yes
configure:15838: checking for size_t
configure:15838: gcc -c -g -O2  conftest.c >&5
configure:15838: $? = 0
configure:15838: gcc -c -g -O2  conftest.c >&5
conftest.c: In function 'main':
conftest.c:63:21: error: expected expression before ')' token
 if (sizeof ((size_t)))
                     ^
configure:15838: $? = 1
configure: failed program was:
| /* confdefs.h */
| #define PACKAGE_NAME "iTETRIS ITS Cooperative Demo Application"
| #define PACKAGE_TARNAME "itetris-its-cooperative-demo-application"
| #define PACKAGE_VERSION "0.1.0"
| #define PACKAGE_STRING "iTETRIS ITS Cooperative Demo Application 0.1.0"
| #define PACKAGE_BUGREPORT ""
| #define PACKAGE_URL ""
| #define PACKAGE "itetris-its-cooperative-demo-application"
| #define VERSION "0.1.0"
| #define _DEBUG 1
| #define STDC_HEADERS 1
| #define HAVE_SYS_TYPES_H 1
| #define HAVE_SYS_STAT_H 1
| #define HAVE_STDLIB_H 1
| #define HAVE_STRING_H 1
| #define HAVE_MEMORY_H 1
| #define HAVE_STRINGS_H 1
| #define HAVE_INTTYPES_H 1
| #define HAVE_STDINT_H 1
| #define HAVE_UNISTD_H 1
| #define HAVE_DLFCN_H 1
| #define LT_OBJDIR ".libs/"
| #define SUMOReal float
| #define OUTPUT_ACCURACY 2
| #define XERCES3_SIZE_t XMLSize_t
| /* end confdefs.h.  */
| #include <stdio.h>
| #ifdef HAVE_SYS_TYPES_H
| # include <sys/types.h>
| #endif
| #ifdef HAVE_SYS_STAT_H
| # include <sys/stat.h>
| #endif
| #ifdef STDC_HEADERS
| # include <stdlib.h>
| # include <stddef.h>
| #else
| # ifdef HAVE_STDLIB_H
| #  include <stdlib.h>
| # endif
| #endif
| #ifdef HAVE_STRING_H
| # if !defined STDC_HEADERS && defined HAVE_MEMORY_H
| #  include <memory.h>
| # endif
| # include <string.h>
| #endif
| #ifdef HAVE_STRINGS_H
| # include <strings.h>
| #endif
| #ifdef HAVE_INTTYPES_H
| # include <inttypes.h>
| #endif
| #ifdef HAVE_STDINT_H
| # include <stdint.h>
| #endif
| #ifdef HAVE_UNISTD_H
| # include <unistd.h>
| #endif
| int
| main ()
| {
| if (sizeof ((size_t)))
| 	    return 0;
|   ;
|   return 0;
| }
configure:15838: result: yes
configure:15851: checking for working alloca.h
configure:15868: gcc -o conftest -g -O2   conftest.c  >&5
configure:15868: $? = 0
configure:15876: result: yes
configure:15884: checking for alloca
configure:15921: gcc -o conftest -g -O2   conftest.c  >&5
configure:15921: $? = 0
configure:15929: result: yes
configure:16035: checking for ANSI C header files
configure:16139: result: yes
configure:16150: checking float.h usability
configure:16150: gcc -c -g -O2  conftest.c >&5
configure:16150: $? = 0
configure:16150: result: yes
configure:16150: checking float.h presence
configure:16150: gcc -E  conftest.c
configure:16150: $? = 0
configure:16150: result: yes
configure:16150: checking for float.h
configure:16150: result: yes
configure:16150: checking limits.h usability
configure:16150: gcc -c -g -O2  conftest.c >&5
configure:16150: $? = 0
configure:16150: result: yes
configure:16150: checking limits.h presence
configure:16150: gcc -E  conftest.c
configure:16150: $? = 0
configure:16150: result: yes
configure:16150: checking for limits.h
configure:16150: result: yes
configure:16150: checking malloc.h usability
configure:16150: gcc -c -g -O2  conftest.c >&5
configure:16150: $? = 0
configure:16150: result: yes
configure:16150: checking malloc.h presence
configure:16150: gcc -E  conftest.c
configure:16150: $? = 0
configure:16150: result: yes
configure:16150: checking for malloc.h
configure:16150: result: yes
configure:16150: checking math.h usability
configure:16150: gcc -c -g -O2  conftest.c >&5
configure:16150: $? = 0
configure:16150: result: yes
configure:16150: checking math.h presence
configure:16150: gcc -E  conftest.c
configure:16150: $? = 0
configure:16150: result: yes
configure:16150: checking for math.h
configure:16150: result: yes
configure:16150: checking stddef.h usability
configure:16150: gcc -c -g -O2  conftest.c >&5
configure:16150: $? = 0
configure:16150: result: yes
configure:16150: checking stddef.h presence
configure:16150: gcc -E  conftest.c
configure:16150: $? = 0
configure:16150: result: yes
configure:16150: checking for stddef.h
configure:16150: result: yes
configure:16150: checking for stdlib.h
configure:16150: result: yes
configure:16150: checking for string.h
configure:16150: result: yes
configure:16150: checking sys/time.h usability
configure:16150: gcc -c -g -O2  conftest.c >&5
configure:16150: $? = 0
configure:16150: result: yes
configure:16150: checking sys/time.h presence
configure:16150: gcc -E  conftest.c
configure:16150: $? = 0
configure:16150: result: yes
configure:16150: checking for sys/time.h
configure:16150: result: yes
configure:16150: checking for unistd.h
configure:16150: result: yes
configure:16150: checking wchar.h usability
configure:16150: gcc -c -g -O2  conftest.c >&5
configure:16150: $? = 0
configure:16150: result: yes
configure:16150: checking wchar.h presence
configure:16150: gcc -E  conftest.c
configure:16150: $? = 0
configure:16150: result: yes
configure:16150: checking for wchar.h
configure:16150: result: yes
configure:16161: checking for stdbool.h that conforms to C99
configure:16228: gcc -c -g -O2  conftest.c >&5
configure:16228: $? = 0
configure:16235: result: yes
configure:16237: checking for _Bool
configure:16237: gcc -c -g -O2  conftest.c >&5
configure:16237: $? = 0
configure:16237: gcc -c -g -O2  conftest.c >&5
conftest.c: In function 'main':
conftest.c:76:20: error: expected expression before ')' token
 if (sizeof ((_Bool)))
                    ^
configure:16237: $? = 1
configure: failed program was:
| /* confdefs.h */
| #define PACKAGE_NAME "iTETRIS ITS Cooperative Demo Application"
| #define PACKAGE_TARNAME "itetris-its-cooperative-demo-application"
| #define PACKAGE_VERSION "0.1.0"
| #define PACKAGE_STRING "iTETRIS ITS Cooperative Demo Application 0.1.0"
| #define PACKAGE_BUGREPORT ""
| #define PACKAGE_URL ""
| #define PACKAGE "itetris-its-cooperative-demo-application"
| #define VERSION "0.1.0"
| #define _DEBUG 1
| #define STDC_HEADERS 1
| #define HAVE_SYS_TYPES_H 1
| #define HAVE_SYS_STAT_H 1
| #define HAVE_STDLIB_H 1
| #define HAVE_STRING_H 1
| #define HAVE_MEMORY_H 1
| #define HAVE_STRINGS_H 1
| #define HAVE_INTTYPES_H 1
| #define HAVE_STDINT_H 1
| #define HAVE_UNISTD_H 1
| #define HAVE_DLFCN_H 1
| #define LT_OBJDIR ".libs/"
| #define SUMOReal float
| #define OUTPUT_ACCURACY 2
| #define XERCES3_SIZE_t XMLSize_t
| #define HAVE_ALLOCA_H 1
| #define HAVE_ALLOCA 1
| #define STDC_HEADERS 1
| #define HAVE_FLOAT_H 1
| #define HAVE_LIMITS_H 1
| #define HAVE_MALLOC_H 1
| #define HAVE_MATH_H 1
| #define HAVE_STDDEF_H 1
| #define HAVE_STDLIB_H 1
| #define HAVE_STRING_H 1
| #define HAVE_SYS_TIME_H 1
| #define HAVE_UNISTD_H 1
| #define HAVE_WCHAR_H 1
| /* end confdefs.h.  */
| #include <stdio.h>
| #ifdef HAVE_SYS_TYPES_H
| # include <sys/types.h>
| #endif
| #ifdef HAVE_SYS_STAT_H
| # include <sys/stat.h>
| #endif
| #ifdef STDC_HEADERS
| # include <stdlib.h>
| # include <stddef.h>
| #else
| # ifdef HAVE_STDLIB_H
| #  include <stdlib.h>
| # endif
| #endif
| #ifdef HAVE_STRING_H
| # if !defined STDC_HEADERS && defined HAVE_MEMORY_H
| #  include <memory.h>
| # endif
| # include <string.h>
| #endif
| #ifdef HAVE_STRINGS_H
| # include <strings.h>
| #endif
| #ifdef HAVE_INTTYPES_H
| # include <inttypes.h>
| #endif
| #ifdef HAVE_STDINT_H
| # include <stdint.h>
| #endif
| #ifdef HAVE_UNISTD_H
| # include <unistd.h>
| #endif
| int
| main ()
| {
| if (sizeof ((_Bool)))
| 	    return 0;
|   ;
|   return 0;
| }
configure:16237: result: yes
configure:16254: checking for an ANSI C-conforming const
configure:16320: gcc -c -g -O2  conftest.c >&5
configure:16320: $? = 0
configure:16327: result: yes
configure:16335: checking for inline
configure:16351: gcc -c -g -O2  conftest.c >&5
configure:16351: $? = 0
configure:16359: result: inline
configure:16377: checking for size_t
configure:16377: result: yes
configure:16388: checking whether time.h and sys/time.h may both be included
configure:16408: gcc -c -g -O2  conftest.c >&5
configure:16408: $? = 0
configure:16415: result: yes
configure:16423: checking whether struct tm is in sys/time.h or time.h
configure:16443: gcc -c -g -O2  conftest.c >&5
configure:16443: $? = 0
configure:16450: result: time.h
configure:16458: checking for working volatile
configure:16477: gcc -c -g -O2  conftest.c >&5
configure:16477: $? = 0
configure:16484: result: yes
configure:16493: checking for error_at_line
configure:16509: gcc -o conftest -g -O2   conftest.c  >&5
configure:16509: $? = 0
configure:16517: result: yes
configure:16530: checking for stdlib.h
configure:16530: result: yes
configure:16540: checking for GNU libc compatible malloc
configure:16564: gcc -o conftest -g -O2   conftest.c  >&5
configure:16564: $? = 0
configure:16564: ./conftest
configure:16564: $? = 0
configure:16574: result: yes
configure:16598: checking sys/select.h usability
configure:16598: gcc -c -g -O2  conftest.c >&5
configure:16598: $? = 0
configure:16598: result: yes
configure:16598: checking sys/select.h presence
configure:16598: gcc -E  conftest.c
configure:16598: $? = 0
configure:16598: result: yes
configure:16598: checking for sys/select.h
configure:16598: result: yes
configure:16598: checking sys/socket.h usability
configure:16598: gcc -c -g -O2  conftest.c >&5
configure:16598: $? = 0
configure:16598: result: yes
configure:16598: checking sys/socket.h presence
configure:16598: gcc -E  conftest.c
configure:16598: $? = 0
configure:16598: result: yes
configure:16598: checking for sys/socket.h
configure:16598: result: yes
configure:16608: checking types of arguments for select
configure:16636: gcc -c -g -O2  conftest.c >&5
configure:16636: $? = 0
configure:16647: result: int,fd_set *,struct timeval *
configure:16670: checking return type of signal handlers
configure:16688: gcc -c -g -O2  conftest.c >&5
conftest.c: In function 'main':
conftest.c:56:1: error: void value not ignored as it ought to be
 return *(signal (0, 0)) (0) == 1;
 ^
configure:16688: $? = 1
configure: failed program was:
| /* confdefs.h */
| #define PACKAGE_NAME "iTETRIS ITS Cooperative Demo Application"
| #define PACKAGE_TARNAME "itetris-its-cooperative-demo-application"
| #define PACKAGE_VERSION "0.1.0"
| #define PACKAGE_STRING "iTETRIS ITS Cooperative Demo Application 0.1.0"
| #define PACKAGE_BUGREPORT ""
| #define PACKAGE_URL ""
| #define PACKAGE "itetris-its-cooperative-demo-application"
| #define VERSION "0.1.0"
| #define _DEBUG 1
| #define STDC_HEADERS 1
| #define HAVE_SYS_TYPES_H 1
| #define HAVE_SYS_STAT_H 1
| #define HAVE_STDLIB_H 1
| #define HAVE_STRING_H 1
| #define HAVE_MEMORY_H 1
| #define HAVE_STRINGS_H 1
| #define HAVE_INTTYPES_H 1
| #define HAVE_STDINT_H 1
| #define HAVE_UNISTD_H 1
| #define HAVE_DLFCN_H 1
| #define LT_OBJDIR ".libs/"
| #define SUMOReal float
| #define OUTPUT_ACCURACY 2
| #define XERCES3_SIZE_t XMLSize_t
| #define HAVE_ALLOCA_H 1
| #define HAVE_ALLOCA 1
| #define STDC_HEADERS 1
| #define HAVE_FLOAT_H 1
| #define HAVE_LIMITS_H 1
| #define HAVE_MALLOC_H 1
| #define HAVE_MATH_H 1
| #define HAVE_STDDEF_H 1
| #define HAVE_STDLIB_H 1
| #define HAVE_STRING_H 1
| #define HAVE_SYS_TIME_H 1
| #define HAVE_UNISTD_H 1
| #define HAVE_WCHAR_H 1
| #define HAVE__BOOL 1
| #define HAVE_STDBOOL_H 1
| #define TIME_WITH_SYS_TIME 1
| #define HAVE_STDLIB_H 1
| #define HAVE_MALLOC 1
| #define HAVE_SYS_SELECT_H 1
| #define HAVE_SYS_SOCKET_H 1
| #define SELECT_TYPE_ARG1 int
| #define SELECT_TYPE_ARG234 (fd_set *)
| #define SELECT_TYPE_ARG5 (struct timeval *)
| /* end confdefs.h.  */
| #include <sys/types.h>
| #include <signal.h>
| 
| int
| main ()
| {
| return *(signal (0, 0)) (0) == 1;
|   ;
|   return 0;
| }
configure:16695: result: void
configure:16703: checking whether lstat correctly handles trailing slash
configure:16729: gcc -o conftest -g -O2   conftest.c  >&5
configure:16729: $? = 0
configure:16729: ./conftest
configure:16729: $? = 0
configure:16746: result: yes
configure:16765: checking whether stat accepts an empty string
configure:16785: gcc -o conftest -g -O2   conftest.c  >&5
configure:16785: $? = 0
configure:16785: ./conftest
configure:16785: $? = 0
configure:16795: result: no
configure:16814: checking for floor
configure:16814: gcc -o conftest -g -O2   conftest.c  >&5
conftest.c:75:6: warning: conflicting types for built-in function 'floor' [enabled by default]
 char floor ();
      ^
/tmp/cc5HZYep.o: In function `main':
/home/kentux/Downloads/iTETRIS_Platform_0.2.0/community-demo-app/conftest.c:86: undefined reference to `floor'
collect2: error: ld returned 1 exit status
configure:16814: $? = 1
configure: failed program was:
| /* confdefs.h */
| #define PACKAGE_NAME "iTETRIS ITS Cooperative Demo Application"
| #define PACKAGE_TARNAME "itetris-its-cooperative-demo-application"
| #define PACKAGE_VERSION "0.1.0"
| #define PACKAGE_STRING "iTETRIS ITS Cooperative Demo Application 0.1.0"
| #define PACKAGE_BUGREPORT ""
| #define PACKAGE_URL ""
| #define PACKAGE "itetris-its-cooperative-demo-application"
| #define VERSION "0.1.0"
| #define _DEBUG 1
| #define STDC_HEADERS 1
| #define HAVE_SYS_TYPES_H 1
| #define HAVE_SYS_STAT_H 1
| #define HAVE_STDLIB_H 1
| #define HAVE_STRING_H 1
| #define HAVE_MEMORY_H 1
| #define HAVE_STRINGS_H 1
| #define HAVE_INTTYPES_H 1
| #define HAVE_STDINT_H 1
| #define HAVE_UNISTD_H 1
| #define HAVE_DLFCN_H 1
| #define LT_OBJDIR ".libs/"
| #define SUMOReal float
| #define OUTPUT_ACCURACY 2
| #define XERCES3_SIZE_t XMLSize_t
| #define HAVE_ALLOCA_H 1
| #define HAVE_ALLOCA 1
| #define STDC_HEADERS 1
| #define HAVE_FLOAT_H 1
| #define HAVE_LIMITS_H 1
| #define HAVE_MALLOC_H 1
| #define HAVE_MATH_H 1
| #define HAVE_STDDEF_H 1
| #define HAVE_STDLIB_H 1
| #define HAVE_STRING_H 1
| #define HAVE_SYS_TIME_H 1
| #define HAVE_UNISTD_H 1
| #define HAVE_WCHAR_H 1
| #define HAVE__BOOL 1
| #define HAVE_STDBOOL_H 1
| #define TIME_WITH_SYS_TIME 1
| #define HAVE_STDLIB_H 1
| #define HAVE_MALLOC 1
| #define HAVE_SYS_SELECT_H 1
| #define HAVE_SYS_SOCKET_H 1
| #define SELECT_TYPE_ARG1 int
| #define SELECT_TYPE_ARG234 (fd_set *)
| #define SELECT_TYPE_ARG5 (struct timeval *)
| #define RETSIGTYPE void
| #define LSTAT_FOLLOWS_SLASHED_SYMLINK 1
| /* end confdefs.h.  */
| /* Define floor to an innocuous variant, in case <limits.h> declares floor.
|    For example, HP-UX 11i <limits.h> declares gettimeofday.  */
| #define floor innocuous_floor
| 
| /* System header to define __stub macros and hopefully few prototypes,
|     which can conflict with char floor (); below.
|     Prefer <limits.h> to <assert.h> if __STDC__ is defined, since
|     <limits.h> exists even on freestanding compilers.  */
| 
| #ifdef __STDC__
| # include <limits.h>
| #else
| # include <assert.h>
| #endif
| 
| #undef floor
| 
| /* Override any GCC internal prototype to avoid an error.
|    Use char because int might match the return type of a GCC
|    builtin and then its argument prototype would still apply.  */
| #ifdef __cplusplus
| extern "C"
| #endif
| char floor ();
| /* The GNU C library defines this for functions which it implements
|     to always fail with ENOSYS.  Some functions are actually named
|     something starting with __ and the normal name is an alias.  */
| #if defined __stub_floor || defined __stub___floor
| choke me
| #endif
| 
| int
| main ()
| {
| return floor ();
|   ;
|   return 0;
| }
configure:16814: result: no
configure:16814: checking for getcwd
configure:16814: gcc -o conftest -g -O2   conftest.c  >&5
configure:16814: $? = 0
configure:16814: result: yes
configure:16814: checking for gettimeofday
configure:16814: gcc -o conftest -g -O2   conftest.c  >&5
configure:16814: $? = 0
configure:16814: result: yes
configure:16814: checking for memset
configure:16814: gcc -o conftest -g -O2   conftest.c  >&5
conftest.c:77:6: warning: conflicting types for built-in function 'memset' [enabled by default]
 char memset ();
      ^
configure:16814: $? = 0
configure:16814: result: yes
configure:16814: checking for pow
configure:16814: gcc -o conftest -g -O2   conftest.c  >&5
conftest.c:78:6: warning: conflicting types for built-in function 'pow' [enabled by default]
 char pow ();
      ^
/tmp/ccTqO6OA.o: In function `main':
/home/kentux/Downloads/iTETRIS_Platform_0.2.0/community-demo-app/conftest.c:89: undefined reference to `pow'
collect2: error: ld returned 1 exit status
configure:16814: $? = 1
configure: failed program was:
| /* confdefs.h */
| #define PACKAGE_NAME "iTETRIS ITS Cooperative Demo Application"
| #define PACKAGE_TARNAME "itetris-its-cooperative-demo-application"
| #define PACKAGE_VERSION "0.1.0"
| #define PACKAGE_STRING "iTETRIS ITS Cooperative Demo Application 0.1.0"
| #define PACKAGE_BUGREPORT ""
| #define PACKAGE_URL ""
| #define PACKAGE "itetris-its-cooperative-demo-application"
| #define VERSION "0.1.0"
| #define _DEBUG 1
| #define STDC_HEADERS 1
| #define HAVE_SYS_TYPES_H 1
| #define HAVE_SYS_STAT_H 1
| #define HAVE_STDLIB_H 1
| #define HAVE_STRING_H 1
| #define HAVE_MEMORY_H 1
| #define HAVE_STRINGS_H 1
| #define HAVE_INTTYPES_H 1
| #define HAVE_STDINT_H 1
| #define HAVE_UNISTD_H 1
| #define HAVE_DLFCN_H 1
| #define LT_OBJDIR ".libs/"
| #define SUMOReal float
| #define OUTPUT_ACCURACY 2
| #define XERCES3_SIZE_t XMLSize_t
| #define HAVE_ALLOCA_H 1
| #define HAVE_ALLOCA 1
| #define STDC_HEADERS 1
| #define HAVE_FLOAT_H 1
| #define HAVE_LIMITS_H 1
| #define HAVE_MALLOC_H 1
| #define HAVE_MATH_H 1
| #define HAVE_STDDEF_H 1
| #define HAVE_STDLIB_H 1
| #define HAVE_STRING_H 1
| #define HAVE_SYS_TIME_H 1
| #define HAVE_UNISTD_H 1
| #define HAVE_WCHAR_H 1
| #define HAVE__BOOL 1
| #define HAVE_STDBOOL_H 1
| #define TIME_WITH_SYS_TIME 1
| #define HAVE_STDLIB_H 1
| #define HAVE_MALLOC 1
| #define HAVE_SYS_SELECT_H 1
| #define HAVE_SYS_SOCKET_H 1
| #define SELECT_TYPE_ARG1 int
| #define SELECT_TYPE_ARG234 (fd_set *)
| #define SELECT_TYPE_ARG5 (struct timeval *)
| #define RETSIGTYPE void
| #define LSTAT_FOLLOWS_SLASHED_SYMLINK 1
| #define HAVE_GETCWD 1
| #define HAVE_GETTIMEOFDAY 1
| #define HAVE_MEMSET 1
| /* end confdefs.h.  */
| /* Define pow to an innocuous variant, in case <limits.h> declares pow.
|    For example, HP-UX 11i <limits.h> declares gettimeofday.  */
| #define pow innocuous_pow
| 
| /* System header to define __stub macros and hopefully few prototypes,
|     which can conflict with char pow (); below.
|     Prefer <limits.h> to <assert.h> if __STDC__ is defined, since
|     <limits.h> exists even on freestanding compilers.  */
| 
| #ifdef __STDC__
| # include <limits.h>
| #else
| # include <assert.h>
| #endif
| 
| #undef pow
| 
| /* Override any GCC internal prototype to avoid an error.
|    Use char because int might match the return type of a GCC
|    builtin and then its argument prototype would still apply.  */
| #ifdef __cplusplus
| extern "C"
| #endif
| char pow ();
| /* The GNU C library defines this for functions which it implements
|     to always fail with ENOSYS.  Some functions are actually named
|     something starting with __ and the normal name is an alias.  */
| #if defined __stub_pow || defined __stub___pow
| choke me
| #endif
| 
| int
| main ()
| {
| return pow ();
|   ;
|   return 0;
| }
configure:16814: result: no
configure:16814: checking for select
configure:16814: gcc -o conftest -g -O2   conftest.c  >&5
configure:16814: $? = 0
configure:16814: result: yes
configure:16814: checking for socket
configure:16814: gcc -o conftest -g -O2   conftest.c  >&5
configure:16814: $? = 0
configure:16814: result: yes
configure:16814: checking for sqrt
configure:16814: gcc -o conftest -g -O2   conftest.c  >&5
conftest.c:80:6: warning: conflicting types for built-in function 'sqrt' [enabled by default]
 char sqrt ();
      ^
/tmp/ccLlmWsO.o: In function `main':
/home/kentux/Downloads/iTETRIS_Platform_0.2.0/community-demo-app/conftest.c:91: undefined reference to `sqrt'
collect2: error: ld returned 1 exit status
configure:16814: $? = 1
configure: failed program was:
| /* confdefs.h */
| #define PACKAGE_NAME "iTETRIS ITS Cooperative Demo Application"
| #define PACKAGE_TARNAME "itetris-its-cooperative-demo-application"
| #define PACKAGE_VERSION "0.1.0"
| #define PACKAGE_STRING "iTETRIS ITS Cooperative Demo Application 0.1.0"
| #define PACKAGE_BUGREPORT ""
| #define PACKAGE_URL ""
| #define PACKAGE "itetris-its-cooperative-demo-application"
| #define VERSION "0.1.0"
| #define _DEBUG 1
| #define STDC_HEADERS 1
| #define HAVE_SYS_TYPES_H 1
| #define HAVE_SYS_STAT_H 1
| #define HAVE_STDLIB_H 1
| #define HAVE_STRING_H 1
| #define HAVE_MEMORY_H 1
| #define HAVE_STRINGS_H 1
| #define HAVE_INTTYPES_H 1
| #define HAVE_STDINT_H 1
| #define HAVE_UNISTD_H 1
| #define HAVE_DLFCN_H 1
| #define LT_OBJDIR ".libs/"
| #define SUMOReal float
| #define OUTPUT_ACCURACY 2
| #define XERCES3_SIZE_t XMLSize_t
| #define HAVE_ALLOCA_H 1
| #define HAVE_ALLOCA 1
| #define STDC_HEADERS 1
| #define HAVE_FLOAT_H 1
| #define HAVE_LIMITS_H 1
| #define HAVE_MALLOC_H 1
| #define HAVE_MATH_H 1
| #define HAVE_STDDEF_H 1
| #define HAVE_STDLIB_H 1
| #define HAVE_STRING_H 1
| #define HAVE_SYS_TIME_H 1
| #define HAVE_UNISTD_H 1
| #define HAVE_WCHAR_H 1
| #define HAVE__BOOL 1
| #define HAVE_STDBOOL_H 1
| #define TIME_WITH_SYS_TIME 1
| #define HAVE_STDLIB_H 1
| #define HAVE_MALLOC 1
| #define HAVE_SYS_SELECT_H 1
| #define HAVE_SYS_SOCKET_H 1
| #define SELECT_TYPE_ARG1 int
| #define SELECT_TYPE_ARG234 (fd_set *)
| #define SELECT_TYPE_ARG5 (struct timeval *)
| #define RETSIGTYPE void
| #define LSTAT_FOLLOWS_SLASHED_SYMLINK 1
| #define HAVE_GETCWD 1
| #define HAVE_GETTIMEOFDAY 1
| #define HAVE_MEMSET 1
| #define HAVE_SELECT 1
| #define HAVE_SOCKET 1
| /* end confdefs.h.  */
| /* Define sqrt to an innocuous variant, in case <limits.h> declares sqrt.
|    For example, HP-UX 11i <limits.h> declares gettimeofday.  */
| #define sqrt innocuous_sqrt
| 
| /* System header to define __stub macros and hopefully few prototypes,
|     which can conflict with char sqrt (); below.
|     Prefer <limits.h> to <assert.h> if __STDC__ is defined, since
|     <limits.h> exists even on freestanding compilers.  */
| 
| #ifdef __STDC__
| # include <limits.h>
| #else
| # include <assert.h>
| #endif
| 
| #undef sqrt
| 
| /* Override any GCC internal prototype to avoid an error.
|    Use char because int might match the return type of a GCC
|    builtin and then its argument prototype would still apply.  */
| #ifdef __cplusplus
| extern "C"
| #endif
| char sqrt ();
| /* The GNU C library defines this for functions which it implements
|     to always fail with ENOSYS.  Some functions are actually named
|     something starting with __ and the normal name is an alias.  */
| #if defined __stub_sqrt || defined __stub___sqrt
| choke me
| #endif
| 
| int
| main ()
| {
| return sqrt ();
|   ;
|   return 0;
| }
configure:16814: result: no
configure:16936: checking that generated files are newer than configure
configure:16942: result: done
configure:16973: creating ./config.status
configure:19474: result: 
configure:19476: result: Optional features summary
configure:19478: result: -------------------------
configure:19480: result: Enabled: Debug
configure:19482: result: Disabled: DoublePrecision MemoryChecks

## ---------------- ##
## Cache variables. ##
## ---------------- ##

ac_cv_build=x86_64-unknown-linux-gnu
ac_cv_c_compiler_gnu=yes
ac_cv_c_const=yes
ac_cv_c_inline=inline
ac_cv_c_volatile=yes
ac_cv_cxx_compiler_gnu=yes
ac_cv_env_CCC_set=
ac_cv_env_CCC_value=
ac_cv_env_CC_set=
ac_cv_env_CC_value=
ac_cv_env_CFLAGS_set=
ac_cv_env_CFLAGS_value=
ac_cv_env_CPPFLAGS_set=
ac_cv_env_CPPFLAGS_value=
ac_cv_env_CPP_set=
ac_cv_env_CPP_value=
ac_cv_env_CXXCPP_set=
ac_cv_env_CXXCPP_value=
ac_cv_env_CXXFLAGS_set=set
ac_cv_env_CXXFLAGS_value=-include/usr/include/unistd.h
ac_cv_env_CXX_set=
ac_cv_env_CXX_value=
ac_cv_env_LDFLAGS_set=
ac_cv_env_LDFLAGS_value=
ac_cv_env_LIBS_set=
ac_cv_env_LIBS_value=
ac_cv_env_PKG_CONFIG_LIBDIR_set=
ac_cv_env_PKG_CONFIG_LIBDIR_value=
ac_cv_env_PKG_CONFIG_PATH_set=
ac_cv_env_PKG_CONFIG_PATH_value=
ac_cv_env_PKG_CONFIG_set=
ac_cv_env_PKG_CONFIG_value=
ac_cv_env_XERCES_CFLAGS_set=
ac_cv_env_XERCES_CFLAGS_value=
ac_cv_env_XERCES_LIBS_set=
ac_cv_env_XERCES_LIBS_value=
ac_cv_env_build_alias_set=
ac_cv_env_build_alias_value=
ac_cv_env_host_alias_set=
ac_cv_env_host_alias_value=
ac_cv_env_target_alias_set=
ac_cv_env_target_alias_value=
ac_cv_func_alloca_works=yes
ac_cv_func_floor=no
ac_cv_func_getcwd=yes
ac_cv_func_gettimeofday=yes
ac_cv_func_lstat_dereferences_slashed_symlink=yes
ac_cv_func_malloc_0_nonnull=yes
ac_cv_func_memset=yes
ac_cv_func_pow=no
ac_cv_func_select=yes
ac_cv_func_select_args='int,fd_set *,struct timeval *'
ac_cv_func_socket=yes
ac_cv_func_sqrt=no
ac_cv_func_stat_empty_string_bug=no
ac_cv_header_dlfcn_h=yes
ac_cv_header_float_h=yes
ac_cv_header_inttypes_h=yes
ac_cv_header_limits_h=yes
ac_cv_header_malloc_h=yes
ac_cv_header_math_h=yes
ac_cv_header_memory_h=yes
ac_cv_header_stdbool_h=yes
ac_cv_header_stdc=yes
ac_cv_header_stddef_h=yes
ac_cv_header_stdint_h=yes
ac_cv_header_stdlib_h=yes
ac_cv_header_string_h=yes
ac_cv_header_strings_h=yes
ac_cv_header_sys_select_h=yes
ac_cv_header_sys_socket_h=yes
ac_cv_header_sys_stat_h=yes
ac_cv_header_sys_time_h=yes
ac_cv_header_sys_types_h=yes
ac_cv_header_time=yes
ac_cv_header_unistd_h=yes
ac_cv_header_wchar_h=yes
ac_cv_header_xercesc_util_XercesVersion_hpp=yes
ac_cv_host=x86_64-unknown-linux-gnu
ac_cv_lib_error_at_line=yes
ac_cv_lib_xerces_c___main=yes
ac_cv_objext=o
ac_cv_path_EGREP='/bin/grep -E'
ac_cv_path_FGREP='/bin/grep -F'
ac_cv_path_GREP=/bin/grep
ac_cv_path_SED=/bin/sed
ac_cv_path_ac_pt_PKG_CONFIG=/usr/bin/pkg-config
ac_cv_path_install='/usr/bin/install -c'
ac_cv_path_mkdir=/bin/mkdir
ac_cv_prog_AWK=gawk
ac_cv_prog_CPP='gcc -E'
ac_cv_prog_CXXCPP='g++ -E'
ac_cv_prog_ac_ct_AR=ar
ac_cv_prog_ac_ct_CC=gcc
ac_cv_prog_ac_ct_CXX=g++
ac_cv_prog_ac_ct_OBJDUMP=objdump
ac_cv_prog_ac_ct_RANLIB=ranlib
ac_cv_prog_ac_ct_STRIP=strip
ac_cv_prog_cc_c89=
ac_cv_prog_cc_g=yes
ac_cv_prog_cxx_g=yes
ac_cv_prog_make_make_set=yes
ac_cv_struct_tm=time.h
ac_cv_target=x86_64-unknown-linux-gnu
ac_cv_type__Bool=yes
ac_cv_type_signal=void
ac_cv_type_size_t=yes
ac_cv_working_alloca_h=yes
am_cv_CC_dependencies_compiler_type=gcc3
am_cv_CXX_dependencies_compiler_type=gcc3
am_cv_make_support_nested_variables=yes
am_cv_prog_cc_c_o=yes
lt_cv_ar_at_file=@
lt_cv_archive_cmds_need_lc=no
lt_cv_deplibs_check_method=pass_all
lt_cv_file_magic_cmd='$MAGIC_CMD'
lt_cv_file_magic_test_file=
lt_cv_ld_reload_flag=-r
lt_cv_nm_interface='BSD nm'
lt_cv_objdir=.libs
lt_cv_path_LD=/usr/x86_64-pc-linux-gnu/bin/ld
lt_cv_path_LDCXX='/usr/x86_64-pc-linux-gnu/bin/ld -m elf_x86_64'
lt_cv_path_NM='/usr/bin/nm -B'
lt_cv_path_mainfest_tool=no
lt_cv_prog_compiler_c_o=yes
lt_cv_prog_compiler_c_o_CXX=yes
lt_cv_prog_compiler_pic='-fPIC -DPIC'
lt_cv_prog_compiler_pic_CXX='-fPIC -DPIC'
lt_cv_prog_compiler_pic_works=yes
lt_cv_prog_compiler_pic_works_CXX=yes
lt_cv_prog_compiler_rtti_exceptions=no
lt_cv_prog_compiler_static_works=yes
lt_cv_prog_compiler_static_works_CXX=yes
lt_cv_prog_gnu_ld=yes
lt_cv_prog_gnu_ldcxx=yes
lt_cv_sharedlib_from_linklib_cmd='printf %s\n'
lt_cv_shlibpath_overrides_runpath=yes
lt_cv_sys_global_symbol_pipe='sed -n -e '\''s/^.*[	 ]\([ABCDGIRSTW][ABCDGIRSTW]*\)[	 ][	 ]*\([_A-Za-z][_A-Za-z0-9]*\)$/\1 \2 \2/p'\'' | sed '\''/ __gnu_lto/d'\'''
lt_cv_sys_global_symbol_to_c_name_address='sed -n -e '\''s/^: \([^ ]*\)[ ]*$/  {\"\1\", (void *) 0},/p'\'' -e '\''s/^[ABCDGIRSTW]* \([^ ]*\) \([^ ]*\)$/  {"\2", (void *) \&\2},/p'\'''
lt_cv_sys_global_symbol_to_c_name_address_lib_prefix='sed -n -e '\''s/^: \([^ ]*\)[ ]*$/  {\"\1\", (void *) 0},/p'\'' -e '\''s/^[ABCDGIRSTW]* \([^ ]*\) \(lib[^ ]*\)$/  {"\2", (void *) \&\2},/p'\'' -e '\''s/^[ABCDGIRSTW]* \([^ ]*\) \([^ ]*\)$/  {"lib\2", (void *) \&\2},/p'\'''
lt_cv_sys_global_symbol_to_cdecl='sed -n -e '\''s/^T .* \(.*\)$/extern int \1();/p'\'' -e '\''s/^[ABCDGIRSTW]* .* \(.*\)$/extern char \1;/p'\'''
lt_cv_sys_max_cmd_len=1572864
lt_cv_to_host_file_cmd=func_convert_file_noop
lt_cv_to_tool_file_cmd=func_convert_file_noop
pkg_cv_XERCES_CFLAGS=
pkg_cv_XERCES_LIBS='-lxerces-c '

## ----------------- ##
## Output variables. ##
## ----------------- ##

ACLOCAL='${SHELL} /home/kentux/Downloads/iTETRIS_Platform_0.2.0/community-demo-app/missing aclocal-1.14'
ALLOCA=''
AMDEPBACKSLASH='\'
AMDEP_FALSE='#'
AMDEP_TRUE=''
AMTAR='$${TAR-tar}'
AM_BACKSLASH='\'
AM_CPPFLAGS='-I/home/kentux/Downloads/iTETRIS_Platform_0.2.0/community-demo-app/./src  -I/usr/local/include -I/usr/include '
AM_CXXFLAGS=''
AM_DEFAULT_V='$(AM_DEFAULT_VERBOSITY)'
AM_DEFAULT_VERBOSITY='1'
AM_V='$(V)'
AR='ar'
AUTOCONF='${SHELL} /home/kentux/Downloads/iTETRIS_Platform_0.2.0/community-demo-app/missing autoconf'
AUTOHEADER='${SHELL} /home/kentux/Downloads/iTETRIS_Platform_0.2.0/community-demo-app/missing autoheader'
AUTOMAKE='${SHELL} /home/kentux/Downloads/iTETRIS_Platform_0.2.0/community-demo-app/missing automake-1.14'
AWK='gawk'
CC='gcc'
CCDEPMODE='depmode=gcc3'
CFLAGS='-g -O2'
CHECK_MEMORY_LEAKS_FALSE=''
CHECK_MEMORY_LEAKS_TRUE='#'
CPP='gcc -E'
CPPFLAGS=''
CXX='g++'
CXXCPP='g++ -E'
CXXDEPMODE='depmode=gcc3'
CXXFLAGS='-g -include/usr/include/unistd.h'
CYGPATH_W='echo'
DEFS='-DHAVE_CONFIG_H'
DEPDIR='.deps'
DLLTOOL='false'
DSYMUTIL=''
DUMPBIN=''
ECHO_C=''
ECHO_N='-n'
ECHO_T=''
EGREP='/bin/grep -E'
EXEEXT=''
FGREP='/bin/grep -F'
GREP='/bin/grep'
INSTALL_DATA='${INSTALL} -m 644'
INSTALL_PROGRAM='${INSTALL}'
INSTALL_SCRIPT='${INSTALL}'
INSTALL_STRIP_PROGRAM='$(install_sh) -c -s'
LD='/usr/x86_64-pc-linux-gnu/bin/ld -m elf_x86_64'
LDFLAGS=''
LIBOBJS=''
LIBS=''
LIBTOOL='$(SHELL) $(top_builddir)/libtool'
LIB_XERCES='xerces-c'
LIPO=''
LN_S='ln -s'
LTLIBOBJS=''
MAKEINFO='${SHELL} /home/kentux/Downloads/iTETRIS_Platform_0.2.0/community-demo-app/missing makeinfo'
MANIFEST_TOOL=':'
MKDIR_P='/bin/mkdir -p'
NM='/usr/bin/nm -B'
NMEDIT=''
OBJDUMP='objdump'
OBJEXT='o'
OTOOL64=''
OTOOL=''
PACKAGE='itetris-its-cooperative-demo-application'
PACKAGE_BUGREPORT=''
PACKAGE_NAME='iTETRIS ITS Cooperative Demo Application'
PACKAGE_STRING='iTETRIS ITS Cooperative Demo Application 0.1.0'
PACKAGE_TARNAME='itetris-its-cooperative-demo-application'
PACKAGE_URL=''
PACKAGE_VERSION='0.1.0'
PATH_SEPARATOR=':'
PKG_CONFIG='/usr/bin/pkg-config'
PKG_CONFIG_LIBDIR=''
PKG_CONFIG_PATH=''
RANLIB='ranlib'
SED='/bin/sed'
SET_MAKE=''
SHELL='/bin/sh'
STRIP='strip'
VERSION='0.1.0'
XERCES_CFLAGS=''
XERCES_LDFLAGS=''
XERCES_LIBS='-lxerces-c '
ac_ct_AR='ar'
ac_ct_CC='gcc'
ac_ct_CXX='g++'
ac_ct_DUMPBIN=''
am__EXEEXT_FALSE=''
am__EXEEXT_TRUE='#'
am__fastdepCC_FALSE='#'
am__fastdepCC_TRUE=''
am__fastdepCXX_FALSE='#'
am__fastdepCXX_TRUE=''
am__include='include'
am__isrc=''
am__leading_dot='.'
am__nodep='_no'
am__quote=''
am__tar='$${TAR-tar} chof - "$$tardir"'
am__untar='$${TAR-tar} xf -'
bindir='${exec_prefix}/bin'
build='x86_64-unknown-linux-gnu'
build_alias=''
build_cpu='x86_64'
build_os='linux-gnu'
build_vendor='unknown'
datadir='${datarootdir}'
datarootdir='${prefix}/share'
docdir='${datarootdir}/doc/${PACKAGE_TARNAME}'
dvidir='${docdir}'
exec_prefix='${prefix}'
host='x86_64-unknown-linux-gnu'
host_alias=''
host_cpu='x86_64'
host_os='linux-gnu'
host_vendor='unknown'
htmldir='${docdir}'
includedir='${prefix}/include'
infodir='${datarootdir}/info'
install_sh='${SHELL} /home/kentux/Downloads/iTETRIS_Platform_0.2.0/community-demo-app/install-sh'
libdir='${exec_prefix}/lib'
libexecdir='${exec_prefix}/libexec'
localedir='${datarootdir}/locale'
localstatedir='${prefix}/var'
mandir='${datarootdir}/man'
mkdir_p='$(MKDIR_P)'
oldincludedir='/usr/include'
pdfdir='${docdir}'
prefix='/usr/local'
program_transform_name='s,x,x,'
psdir='${docdir}'
sbindir='${exec_prefix}/sbin'
sharedstatedir='${prefix}/com'
sysconfdir='${prefix}/etc'
target='x86_64-unknown-linux-gnu'
target_alias=''
target_cpu='x86_64'
target_os='linux-gnu'
target_vendor='unknown'

## ----------- ##
## confdefs.h. ##
## ----------- ##

/* confdefs.h */
#define PACKAGE_NAME "iTETRIS ITS Cooperative Demo Application"
#define PACKAGE_TARNAME "itetris-its-cooperative-demo-application"
#define PACKAGE_VERSION "0.1.0"
#define PACKAGE_STRING "iTETRIS ITS Cooperative Demo Application 0.1.0"
#define PACKAGE_BUGREPORT ""
#define PACKAGE_URL ""
#define PACKAGE "itetris-its-cooperative-demo-application"
#define VERSION "0.1.0"
#define _DEBUG 1
#define STDC_HEADERS 1
#define HAVE_SYS_TYPES_H 1
#define HAVE_SYS_STAT_H 1
#define HAVE_STDLIB_H 1
#define HAVE_STRING_H 1
#define HAVE_MEMORY_H 1
#define HAVE_STRINGS_H 1
#define HAVE_INTTYPES_H 1
#define HAVE_STDINT_H 1
#define HAVE_UNISTD_H 1
#define HAVE_DLFCN_H 1
#define LT_OBJDIR ".libs/"
#define SUMOReal float
#define OUTPUT_ACCURACY 2
#define XERCES3_SIZE_t XMLSize_t
#define HAVE_ALLOCA_H 1
#define HAVE_ALLOCA 1
#define STDC_HEADERS 1
#define HAVE_FLOAT_H 1
#define HAVE_LIMITS_H 1
#define HAVE_MALLOC_H 1
#define HAVE_MATH_H 1
#define HAVE_STDDEF_H 1
#define HAVE_STDLIB_H 1
#define HAVE_STRING_H 1
#define HAVE_SYS_TIME_H 1
#define HAVE_UNISTD_H 1
#define HAVE_WCHAR_H 1
#define HAVE__BOOL 1
#define HAVE_STDBOOL_H 1
#define TIME_WITH_SYS_TIME 1
#define HAVE_STDLIB_H 1
#define HAVE_MALLOC 1
#define HAVE_SYS_SELECT_H 1
#define HAVE_SYS_SOCKET_H 1
#define SELECT_TYPE_ARG1 int
#define SELECT_TYPE_ARG234 (fd_set *)
#define SELECT_TYPE_ARG5 (struct timeval *)
#define RETSIGTYPE void
#define LSTAT_FOLLOWS_SLASHED_SYMLINK 1
#define HAVE_GETCWD 1
#define HAVE_GETTIMEOFDAY 1
#define HAVE_MEMSET 1
#define HAVE_SELECT 1
#define HAVE_SOCKET 1

configure: exit 0

## ---------------------- ##
## Running config.status. ##
## ---------------------- ##

This file was extended by iTETRIS ITS Cooperative Demo Application config.status 0.1.0, which was
generated by GNU Autoconf 2.69.  Invocation command line was

  CONFIG_FILES    = 
  CONFIG_HEADERS  = 
  CONFIG_LINKS    = 
  CONFIG_COMMANDS = 
  $ ./config.status 

on tasamy.tux.ic

config.status:1204: creating src/foreign/Makefile
config.status:1204: creating src/foreign/tcpip/Makefile
config.status:1204: creating src/foreign/mersenne/Makefile
config.status:1204: creating src/foreign/nvwa/Makefile
config.status:1204: creating src/utils/common/Makefile
config.status:1204: creating src/utils/log/Makefile
config.status:1204: creating src/utils/iodevices/Makefile
config.status:1204: creating src/utils/xml/Makefile
config.status:1204: creating src/utils/Makefile
config.status:1204: creating src/utils/options/Makefile
config.status:1204: creating src/Makefile
config.status:1204: creating Makefile
config.status:1204: creating src/config.h
config.status:1385: src/config.h is unchanged
config.status:1433: executing depfiles commands
config.status:1433: executing libtool commands

## ---------------------- ##
## Running config.status. ##
## ---------------------- ##

This file was extended by iTETRIS ITS Cooperative Demo Application config.status 0.1.0, which was
generated by GNU Autoconf 2.69.  Invocation command line was

  CONFIG_FILES    = 
  CONFIG_HEADERS  = 
  CONFIG_LINKS    = 
  CONFIG_COMMANDS = 
  $ ./config.status src/config.h

on tasamy.tux.ic

config.status:1204: creating src/config.h
config.status:1385: src/config.h is unchanged
